<?xml version="1.0" encoding="UTF-8" ?>
<testsuite tests="1" failures="1" name="Business.RequestApiSalesTest" time="5.02" errors="0" skipped="0">
  <properties>
[...]
</properties>
  <testcase classname="Business.RequestApiSalesTest" name="Business.RequestApiSalesTest.testDoPostRequest" time="5.02">
    <failure message="expected:&lt;...AssuredResponseImpl@[4ed38226]&gt; but was:&lt;...AssuredResponseImpl@[3d43fe]&gt;" type="org.junit.ComparisonFailure">org.junit.ComparisonFailure: expected:&lt;...AssuredResponseImpl@[4ed38226]&gt; but was:&lt;...AssuredResponseImpl@[3d43fe]&gt;
	at org.junit.Assert.assertEquals(Assert.java:117)
	at org.junit.Assert.assertEquals(Assert.java:146)
	at Business.RequestApiSalesTest.testDoPostRequest(RequestApiSalesTest.java:86)
</failure>
  </testcase>
</testsuite>