<?xml version="1.0" encoding="UTF-8" ?>
<testsuite tests="18" failures="18" name="Models.BranchOfficeTest" time="0.02" errors="0" skipped="0">
  <properties>
[...]
</properties>
  <testcase classname="Models.BranchOfficeTest" name="Models.BranchOfficeTest.testGetId_branch_office" time="0.005">
    <failure message="The test case is a prototype." type="java.lang.AssertionError">java.lang.AssertionError: The test case is a prototype.
	at org.junit.Assert.fail(Assert.java:89)
	at Models.BranchOfficeTest.testGetId_branch_office(BranchOfficeTest.java:51)
</failure>
    <system-out>getId_branch_office
</system-out>
  </testcase>
  <testcase classname="Models.BranchOfficeTest" name="Models.BranchOfficeTest.testSetId_branch_office" time="0">
    <failure message="The test case is a prototype." type="java.lang.AssertionError">java.lang.AssertionError: The test case is a prototype.
	at org.junit.Assert.fail(Assert.java:89)
	at Models.BranchOfficeTest.testSetId_branch_office(BranchOfficeTest.java:148)
</failure>
    <system-out>setId_branch_office
</system-out>
  </testcase>
  <testcase classname="Models.BranchOfficeTest" name="Models.BranchOfficeTest.testGetName" time="0.001">
    <failure message="expected:&lt;&gt; but was:&lt;null&gt;" type="java.lang.AssertionError">java.lang.AssertionError: expected:&lt;&gt; but was:&lt;null&gt;
	at org.junit.Assert.fail(Assert.java:89)
	at org.junit.Assert.failNotEquals(Assert.java:835)
	at org.junit.Assert.assertEquals(Assert.java:120)
	at org.junit.Assert.assertEquals(Assert.java:146)
	at Models.BranchOfficeTest.testGetName(BranchOfficeTest.java:63)
</failure>
    <system-out>getName
</system-out>
  </testcase>
  <testcase classname="Models.BranchOfficeTest" name="Models.BranchOfficeTest.testGetZip_code" time="0">
    <failure message="The test case is a prototype." type="java.lang.AssertionError">java.lang.AssertionError: The test case is a prototype.
	at org.junit.Assert.fail(Assert.java:89)
	at Models.BranchOfficeTest.testGetZip_code(BranchOfficeTest.java:135)
</failure>
    <system-out>getZip_code
</system-out>
  </testcase>
  <testcase classname="Models.BranchOfficeTest" name="Models.BranchOfficeTest.testGetCity" time="0">
    <failure message="expected:&lt;&gt; but was:&lt;null&gt;" type="java.lang.AssertionError">java.lang.AssertionError: expected:&lt;&gt; but was:&lt;null&gt;
	at org.junit.Assert.fail(Assert.java:89)
	at org.junit.Assert.failNotEquals(Assert.java:835)
	at org.junit.Assert.assertEquals(Assert.java:120)
	at org.junit.Assert.assertEquals(Assert.java:146)
	at Models.BranchOfficeTest.testGetCity(BranchOfficeTest.java:91)
</failure>
    <system-out>getCity
</system-out>
  </testcase>
  <testcase classname="Models.BranchOfficeTest" name="Models.BranchOfficeTest.testSetStreet" time="0.001">
    <failure message="The test case is a prototype." type="java.lang.AssertionError">java.lang.AssertionError: The test case is a prototype.
	at org.junit.Assert.fail(Assert.java:89)
	at Models.BranchOfficeTest.testSetStreet(BranchOfficeTest.java:200)
</failure>
    <system-out>setStreet
</system-out>
  </testcase>
  <testcase classname="Models.BranchOfficeTest" name="Models.BranchOfficeTest.testSetName" time="0">
    <failure message="The test case is a prototype." type="java.lang.AssertionError">java.lang.AssertionError: The test case is a prototype.
	at org.junit.Assert.fail(Assert.java:89)
	at Models.BranchOfficeTest.testSetName(BranchOfficeTest.java:161)
</failure>
    <system-out>setName
</system-out>
  </testcase>
  <testcase classname="Models.BranchOfficeTest" name="Models.BranchOfficeTest.testSetState" time="0.001">
    <failure message="The test case is a prototype." type="java.lang.AssertionError">java.lang.AssertionError: The test case is a prototype.
	at org.junit.Assert.fail(Assert.java:89)
	at Models.BranchOfficeTest.testSetState(BranchOfficeTest.java:174)
</failure>
    <system-out>setState
</system-out>
  </testcase>
  <testcase classname="Models.BranchOfficeTest" name="Models.BranchOfficeTest.testGetState" time="0">
    <failure message="expected:&lt;&gt; but was:&lt;null&gt;" type="java.lang.AssertionError">java.lang.AssertionError: expected:&lt;&gt; but was:&lt;null&gt;
	at org.junit.Assert.fail(Assert.java:89)
	at org.junit.Assert.failNotEquals(Assert.java:835)
	at org.junit.Assert.assertEquals(Assert.java:120)
	at org.junit.Assert.assertEquals(Assert.java:146)
	at Models.BranchOfficeTest.testGetState(BranchOfficeTest.java:77)
</failure>
    <system-out>getState
</system-out>
  </testcase>
  <testcase classname="Models.BranchOfficeTest" name="Models.BranchOfficeTest.testToString" time="0.002">
    <failure message="expected:&lt;[]&gt; but was:&lt;[BranchOffice(id_branch_office=0, name=null, state=null, city=null, street=null, number=null, zip_code=null)]&gt;" type="org.junit.ComparisonFailure">org.junit.ComparisonFailure: expected:&lt;[]&gt; but was:&lt;[BranchOffice(id_branch_office=0, name=null, state=null, city=null, street=null, number=null, zip_code=null)]&gt;
	at org.junit.Assert.assertEquals(Assert.java:117)
	at org.junit.Assert.assertEquals(Assert.java:146)
	at Models.BranchOfficeTest.testToString(BranchOfficeTest.java:282)
</failure>
    <system-out>toString
</system-out>
  </testcase>
  <testcase classname="Models.BranchOfficeTest" name="Models.BranchOfficeTest.testGetStreet" time="0.001">
    <failure message="expected:&lt;&gt; but was:&lt;null&gt;" type="java.lang.AssertionError">java.lang.AssertionError: expected:&lt;&gt; but was:&lt;null&gt;
	at org.junit.Assert.fail(Assert.java:89)
	at org.junit.Assert.failNotEquals(Assert.java:835)
	at org.junit.Assert.assertEquals(Assert.java:120)
	at org.junit.Assert.assertEquals(Assert.java:146)
	at Models.BranchOfficeTest.testGetStreet(BranchOfficeTest.java:105)
</failure>
    <system-out>getStreet
</system-out>
  </testcase>
  <testcase classname="Models.BranchOfficeTest" name="Models.BranchOfficeTest.testHashCode" time="0.002">
    <failure message="expected:&lt;0&gt; but was:&lt;-1222542993&gt;" type="java.lang.AssertionError">java.lang.AssertionError: expected:&lt;0&gt; but was:&lt;-1222542993&gt;
	at org.junit.Assert.fail(Assert.java:89)
	at org.junit.Assert.failNotEquals(Assert.java:835)
	at org.junit.Assert.assertEquals(Assert.java:647)
	at org.junit.Assert.assertEquals(Assert.java:633)
	at Models.BranchOfficeTest.testHashCode(BranchOfficeTest.java:268)
</failure>
    <system-out>hashCode
</system-out>
  </testcase>
  <testcase classname="Models.BranchOfficeTest" name="Models.BranchOfficeTest.testEquals" time="0.001">
    <failure message="The test case is a prototype." type="java.lang.AssertionError">java.lang.AssertionError: The test case is a prototype.
	at org.junit.Assert.fail(Assert.java:89)
	at Models.BranchOfficeTest.testEquals(BranchOfficeTest.java:241)
</failure>
    <system-out>equals
</system-out>
  </testcase>
  <testcase classname="Models.BranchOfficeTest" name="Models.BranchOfficeTest.testSetZip_code" time="0.002">
    <failure message="The test case is a prototype." type="java.lang.AssertionError">java.lang.AssertionError: The test case is a prototype.
	at org.junit.Assert.fail(Assert.java:89)
	at Models.BranchOfficeTest.testSetZip_code(BranchOfficeTest.java:226)
</failure>
    <system-out>setZip_code
</system-out>
  </testcase>
  <testcase classname="Models.BranchOfficeTest" name="Models.BranchOfficeTest.testGetNumber" time="0.001">
    <failure message="expected:&lt;&gt; but was:&lt;null&gt;" type="java.lang.AssertionError">java.lang.AssertionError: expected:&lt;&gt; but was:&lt;null&gt;
	at org.junit.Assert.fail(Assert.java:89)
	at org.junit.Assert.failNotEquals(Assert.java:835)
	at org.junit.Assert.assertEquals(Assert.java:120)
	at org.junit.Assert.assertEquals(Assert.java:146)
	at Models.BranchOfficeTest.testGetNumber(BranchOfficeTest.java:119)
</failure>
    <system-out>getNumber
</system-out>
  </testcase>
  <testcase classname="Models.BranchOfficeTest" name="Models.BranchOfficeTest.testCanEqual" time="0.001">
    <failure message="The test case is a prototype." type="java.lang.AssertionError">java.lang.AssertionError: The test case is a prototype.
	at org.junit.Assert.fail(Assert.java:89)
	at Models.BranchOfficeTest.testCanEqual(BranchOfficeTest.java:256)
</failure>
    <system-out>canEqual
</system-out>
  </testcase>
  <testcase classname="Models.BranchOfficeTest" name="Models.BranchOfficeTest.testSetNumber" time="0.001">
    <failure message="The test case is a prototype." type="java.lang.AssertionError">java.lang.AssertionError: The test case is a prototype.
	at org.junit.Assert.fail(Assert.java:89)
	at Models.BranchOfficeTest.testSetNumber(BranchOfficeTest.java:213)
</failure>
    <system-out>setNumber
</system-out>
  </testcase>
  <testcase classname="Models.BranchOfficeTest" name="Models.BranchOfficeTest.testSetCity" time="0.001">
    <failure message="The test case is a prototype." type="java.lang.AssertionError">java.lang.AssertionError: The test case is a prototype.
	at org.junit.Assert.fail(Assert.java:89)
	at Models.BranchOfficeTest.testSetCity(BranchOfficeTest.java:187)
</failure>
    <system-out>setCity
</system-out>
  </testcase>
</testsuite>